{"data":{"assetCode":"TEST001","category":"Test Category","description":"A test asset for verification","location":"Test Location","name":"Test Asset","serialNumber":"TEST-SN-001"},"error":"\nInvalid `this.prisma.asset.create()` invocation in\n/Users/benque/Project/Emaintanance/apps/api/asset-service/src/repositories/AssetRepository.ts:55:45\n\n  52  */\n  53 async createAsset(data: CreateAssetData): Promise<Asset> {\n  54   try {\n→ 55     const asset = await this.prisma.asset.create({\n           data: {\n             assetCode: \"TEST001\",\n             name: \"Test Asset\",\n             description: \"A test asset for verification\",\n             location: \"Test Location\",\n             category: \"Test Category\",\n             ~~~~~~~~\n             serialNumber: \"TEST-SN-001\",\n             isActive: true,\n         ?   id?: String,\n         ?   model?: String | Null,\n         ?   manufacturer?: String | Null,\n         ?   installDate?: DateTime | Null,\n         ?   createdAt?: DateTime,\n         ?   updatedAt?: DateTime,\n         ?   owner?: UserCreateNestedOneWithoutOwnedAssetsInput,\n         ?   administrator?: UserCreateNestedOneWithoutAdministeredAssetsInput,\n         ?   workOrders?: WorkOrderCreateNestedManyWithoutAssetInput,\n         ?   maintenanceHistory?: MaintenanceHistoryCreateNestedManyWithoutAssetInput\n           }\n         })\n\nUnknown argument `category`. Available options are marked with ?.","level":"error","message":"Failed to create asset","service":"asset-service","timestamp":"2025-08-06T00:06:06.181Z","version":"1.0.0"}
{"data":{"assetCode":"TEST001","category":"Test Category","description":"A test asset for verification","location":"Test Location","name":"Test Asset","serialNumber":"TEST-SN-001"},"error":"\nInvalid `this.prisma.asset.create()` invocation in\n/Users/benque/Project/Emaintanance/apps/api/asset-service/src/repositories/AssetRepository.ts:55:45\n\n  52  */\n  53 async createAsset(data: CreateAssetData): Promise<Asset> {\n  54   try {\n→ 55     const asset = await this.prisma.asset.create({\n           data: {\n             assetCode: \"TEST001\",\n             name: \"Test Asset\",\n             description: \"A test asset for verification\",\n             location: \"Test Location\",\n             category: \"Test Category\",\n             ~~~~~~~~\n             serialNumber: \"TEST-SN-001\",\n             isActive: true,\n         ?   id?: String,\n         ?   model?: String | Null,\n         ?   manufacturer?: String | Null,\n         ?   installDate?: DateTime | Null,\n         ?   createdAt?: DateTime,\n         ?   updatedAt?: DateTime,\n         ?   owner?: UserCreateNestedOneWithoutOwnedAssetsInput,\n         ?   administrator?: UserCreateNestedOneWithoutAdministeredAssetsInput,\n         ?   workOrders?: WorkOrderCreateNestedManyWithoutAssetInput,\n         ?   maintenanceHistory?: MaintenanceHistoryCreateNestedManyWithoutAssetInput\n           }\n         })\n\nUnknown argument `category`. Available options are marked with ?.","level":"error","message":"Asset service: Failed to create asset","service":"asset-service","timestamp":"2025-08-06T00:06:06.181Z","version":"1.0.0"}
{"body":{"assetCode":"TEST001","category":"Test Category","description":"A test asset for verification","location":"Test Location","name":"Test Asset","serialNumber":"TEST-SN-001"},"correlationId":"asset-1754438766164","error":"\nInvalid `this.prisma.asset.create()` invocation in\n/Users/benque/Project/Emaintanance/apps/api/asset-service/src/repositories/AssetRepository.ts:55:45\n\n  52  */\n  53 async createAsset(data: CreateAssetData): Promise<Asset> {\n  54   try {\n→ 55     const asset = await this.prisma.asset.create({\n           data: {\n             assetCode: \"TEST001\",\n             name: \"Test Asset\",\n             description: \"A test asset for verification\",\n             location: \"Test Location\",\n             category: \"Test Category\",\n             ~~~~~~~~\n             serialNumber: \"TEST-SN-001\",\n             isActive: true,\n         ?   id?: String,\n         ?   model?: String | Null,\n         ?   manufacturer?: String | Null,\n         ?   installDate?: DateTime | Null,\n         ?   createdAt?: DateTime,\n         ?   updatedAt?: DateTime,\n         ?   owner?: UserCreateNestedOneWithoutOwnedAssetsInput,\n         ?   administrator?: UserCreateNestedOneWithoutAdministeredAssetsInput,\n         ?   workOrders?: WorkOrderCreateNestedManyWithoutAssetInput,\n         ?   maintenanceHistory?: MaintenanceHistoryCreateNestedManyWithoutAssetInput\n           }\n         })\n\nUnknown argument `category`. Available options are marked with ?.","level":"error","message":"Error creating asset","service":"asset-service","timestamp":"2025-08-06T00:06:06.181Z","version":"1.0.0"}
{"assetId":"locations","error":"Asset not found","level":"error","message":"Asset service: Failed to get asset by ID","service":"asset-service","timestamp":"2025-08-06T11:26:45.138Z","version":"1.0.0"}
{"assetId":"locations","correlationId":"asset-1754479605136","error":"Asset not found","level":"error","message":"Error fetching asset by ID","service":"asset-service","timestamp":"2025-08-06T11:26:45.139Z","version":"1.0.0"}
{"assetId":"locations","error":"Asset not found","level":"error","message":"Asset service: Failed to get asset by ID","service":"asset-service","timestamp":"2025-08-06T11:26:45.154Z","version":"1.0.0"}
{"assetId":"locations","correlationId":"asset-1754479605140","error":"Asset not found","level":"error","message":"Error fetching asset by ID","service":"asset-service","timestamp":"2025-08-06T11:26:45.154Z","version":"1.0.0"}
{"assetId":"locations","error":"Asset not found","level":"error","message":"Asset service: Failed to get asset by ID","service":"asset-service","timestamp":"2025-08-06T11:27:02.067Z","version":"1.0.0"}
{"assetId":"locations","correlationId":"asset-1754479622064","error":"Asset not found","level":"error","message":"Error fetching asset by ID","service":"asset-service","timestamp":"2025-08-06T11:27:02.067Z","version":"1.0.0"}
{"assetId":"locations","error":"Asset not found","level":"error","message":"Asset service: Failed to get asset by ID","service":"asset-service","timestamp":"2025-08-06T11:27:02.071Z","version":"1.0.0"}
{"assetId":"locations","correlationId":"asset-1754479622069","error":"Asset not found","level":"error","message":"Error fetching asset by ID","service":"asset-service","timestamp":"2025-08-06T11:27:02.071Z","version":"1.0.0"}
{"assetId":"locations","error":"Asset not found","level":"error","message":"Asset service: Failed to get asset by ID","service":"asset-service","timestamp":"2025-08-06T11:27:26.321Z","version":"1.0.0"}
{"assetId":"locations","correlationId":"asset-1754479646319","error":"Asset not found","level":"error","message":"Error fetching asset by ID","service":"asset-service","timestamp":"2025-08-06T11:27:26.321Z","version":"1.0.0"}
{"assetId":"locations","error":"Asset not found","level":"error","message":"Asset service: Failed to get asset by ID","service":"asset-service","timestamp":"2025-08-06T11:27:26.325Z","version":"1.0.0"}
{"assetId":"locations","correlationId":"asset-1754479646323","error":"Asset not found","level":"error","message":"Error fetching asset by ID","service":"asset-service","timestamp":"2025-08-06T11:27:26.325Z","version":"1.0.0"}
{"assetId":"locations","error":"Asset not found","level":"error","message":"Asset service: Failed to get asset by ID","service":"asset-service","timestamp":"2025-08-06T11:29:36.462Z","version":"1.0.0"}
{"assetId":"locations","correlationId":"asset-1754479776460","error":"Asset not found","level":"error","message":"Error fetching asset by ID","service":"asset-service","timestamp":"2025-08-06T11:29:36.462Z","version":"1.0.0"}
{"assetId":"locations","error":"Asset not found","level":"error","message":"Asset service: Failed to get asset by ID","service":"asset-service","timestamp":"2025-08-06T11:29:51.370Z","version":"1.0.0"}
{"assetId":"locations","correlationId":"asset-1754479791368","error":"Asset not found","level":"error","message":"Error fetching asset by ID","service":"asset-service","timestamp":"2025-08-06T11:29:51.370Z","version":"1.0.0"}
{"assetId":"suggest","error":"Asset not found","level":"error","message":"Asset service: Failed to get asset by ID","service":"asset-service","timestamp":"2025-08-11T13:34:06.187Z","version":"1.0.0"}
{"assetId":"suggest","correlationId":"asset-1754919246121","error":"Asset not found","level":"error","message":"Error fetching asset by ID","service":"asset-service","timestamp":"2025-08-11T13:34:06.196Z","version":"1.0.0"}
{"assetId":"suggest","error":"Asset not found","level":"error","message":"Asset service: Failed to get asset by ID","service":"asset-service","timestamp":"2025-08-11T13:34:09.190Z","version":"1.0.0"}
{"assetId":"suggest","correlationId":"asset-1754919249182","error":"Asset not found","level":"error","message":"Error fetching asset by ID","service":"asset-service","timestamp":"2025-08-11T13:34:09.191Z","version":"1.0.0"}
{"assetId":"suggest","error":"Asset not found","level":"error","message":"Asset service: Failed to get asset by ID","service":"asset-service","timestamp":"2025-08-11T13:34:09.531Z","version":"1.0.0"}
{"assetId":"suggest","correlationId":"asset-1754919249524","error":"Asset not found","level":"error","message":"Error fetching asset by ID","service":"asset-service","timestamp":"2025-08-11T13:34:09.531Z","version":"1.0.0"}
{"assetId":"suggest","error":"Asset not found","level":"error","message":"Asset service: Failed to get asset by ID","service":"asset-service","timestamp":"2025-08-11T13:34:11.519Z","version":"1.0.0"}
{"assetId":"suggest","correlationId":"asset-1754919251511","error":"Asset not found","level":"error","message":"Error fetching asset by ID","service":"asset-service","timestamp":"2025-08-11T13:34:11.520Z","version":"1.0.0"}
{"assetId":"suggest","error":"Asset not found","level":"error","message":"Asset service: Failed to get asset by ID","service":"asset-service","timestamp":"2025-08-11T13:34:13.520Z","version":"1.0.0"}
{"assetId":"suggest","correlationId":"asset-1754919253513","error":"Asset not found","level":"error","message":"Error fetching asset by ID","service":"asset-service","timestamp":"2025-08-11T13:34:13.521Z","version":"1.0.0"}
{"assetId":"suggest","error":"Asset not found","level":"error","message":"Asset service: Failed to get asset by ID","service":"asset-service","timestamp":"2025-08-11T13:34:13.918Z","version":"1.0.0"}
{"assetId":"suggest","correlationId":"asset-1754919253911","error":"Asset not found","level":"error","message":"Error fetching asset by ID","service":"asset-service","timestamp":"2025-08-11T13:34:13.919Z","version":"1.0.0"}
{"assetId":"suggest","error":"Asset not found","level":"error","message":"Asset service: Failed to get asset by ID","service":"asset-service","timestamp":"2025-08-11T13:34:16.383Z","version":"1.0.0"}
{"assetId":"suggest","correlationId":"asset-1754919256376","error":"Asset not found","level":"error","message":"Error fetching asset by ID","service":"asset-service","timestamp":"2025-08-11T13:34:16.384Z","version":"1.0.0"}
{"assetId":"suggest","error":"Asset not found","level":"error","message":"Asset service: Failed to get asset by ID","service":"asset-service","timestamp":"2025-08-11T13:36:26.294Z","version":"1.0.0"}
{"assetId":"suggest","correlationId":"asset-1754919386285","error":"Asset not found","level":"error","message":"Error fetching asset by ID","service":"asset-service","timestamp":"2025-08-11T13:36:26.295Z","version":"1.0.0"}
{"assetId":"suggest","error":"Asset not found","level":"error","message":"Asset service: Failed to get asset by ID","service":"asset-service","timestamp":"2025-08-11T13:36:26.814Z","version":"1.0.0"}
{"assetId":"suggest","correlationId":"asset-1754919386808","error":"Asset not found","level":"error","message":"Error fetching asset by ID","service":"asset-service","timestamp":"2025-08-11T13:36:26.815Z","version":"1.0.0"}
{"assetId":"suggest","error":"Asset not found","level":"error","message":"Asset service: Failed to get asset by ID","service":"asset-service","timestamp":"2025-08-11T13:36:37.714Z","version":"1.0.0"}
{"assetId":"suggest","correlationId":"asset-1754919397706","error":"Asset not found","level":"error","message":"Error fetching asset by ID","service":"asset-service","timestamp":"2025-08-11T13:36:37.715Z","version":"1.0.0"}
{"assetId":"suggest","error":"Asset not found","level":"error","message":"Asset service: Failed to get asset by ID","service":"asset-service","timestamp":"2025-08-11T13:36:39.000Z","version":"1.0.0"}
{"assetId":"suggest","correlationId":"asset-1754919398992","error":"Asset not found","level":"error","message":"Error fetching asset by ID","service":"asset-service","timestamp":"2025-08-11T13:36:39.001Z","version":"1.0.0"}
{"assetId":"suggest","error":"Asset not found","level":"error","message":"Asset service: Failed to get asset by ID","service":"asset-service","timestamp":"2025-08-11T13:36:42.995Z","version":"1.0.0"}
{"assetId":"suggest","correlationId":"asset-1754919402988","error":"Asset not found","level":"error","message":"Error fetching asset by ID","service":"asset-service","timestamp":"2025-08-11T13:36:42.996Z","version":"1.0.0"}
{"assetId":"suggest","error":"Asset not found","level":"error","message":"Asset service: Failed to get asset by ID","service":"asset-service","timestamp":"2025-08-11T13:37:20.866Z","version":"1.0.0"}
{"assetId":"suggest","correlationId":"asset-1754919440858","error":"Asset not found","level":"error","message":"Error fetching asset by ID","service":"asset-service","timestamp":"2025-08-11T13:37:20.867Z","version":"1.0.0"}
{"assetId":"suggest","error":"Asset not found","level":"error","message":"Asset service: Failed to get asset by ID","service":"asset-service","timestamp":"2025-08-11T13:37:21.493Z","version":"1.0.0"}
{"assetId":"suggest","correlationId":"asset-1754919441488","error":"Asset not found","level":"error","message":"Error fetching asset by ID","service":"asset-service","timestamp":"2025-08-11T13:37:21.493Z","version":"1.0.0"}
{"assetId":"suggest","error":"Asset not found","level":"error","message":"Asset service: Failed to get asset by ID","service":"asset-service","timestamp":"2025-08-11T13:39:20.090Z","version":"1.0.0"}
{"assetId":"suggest","correlationId":"asset-1754919560028","error":"Asset not found","level":"error","message":"Error fetching asset by ID","service":"asset-service","timestamp":"2025-08-11T13:39:20.091Z","version":"1.0.0"}
{"assetId":"suggest","error":"Asset not found","level":"error","message":"Asset service: Failed to get asset by ID","service":"asset-service","timestamp":"2025-08-11T13:39:21.817Z","version":"1.0.0"}
{"assetId":"suggest","correlationId":"asset-1754919561810","error":"Asset not found","level":"error","message":"Error fetching asset by ID","service":"asset-service","timestamp":"2025-08-11T13:39:21.818Z","version":"1.0.0"}
{"assetId":"suggest","error":"Asset not found","level":"error","message":"Asset service: Failed to get asset by ID","service":"asset-service","timestamp":"2025-08-11T13:39:24.885Z","version":"1.0.0"}
{"assetId":"suggest","correlationId":"asset-1754919564879","error":"Asset not found","level":"error","message":"Error fetching asset by ID","service":"asset-service","timestamp":"2025-08-11T13:39:24.886Z","version":"1.0.0"}
{"assetId":"suggest","error":"Asset not found","level":"error","message":"Asset service: Failed to get asset by ID","service":"asset-service","timestamp":"2025-08-11T13:39:43.160Z","version":"1.0.0"}
{"assetId":"suggest","correlationId":"asset-1754919583153","error":"Asset not found","level":"error","message":"Error fetching asset by ID","service":"asset-service","timestamp":"2025-08-11T13:39:43.161Z","version":"1.0.0"}
{"assetId":"suggest","error":"Asset not found","level":"error","message":"Asset service: Failed to get asset by ID","service":"asset-service","timestamp":"2025-08-11T13:39:48.938Z","version":"1.0.0"}
{"assetId":"suggest","correlationId":"asset-1754919588932","error":"Asset not found","level":"error","message":"Error fetching asset by ID","service":"asset-service","timestamp":"2025-08-11T13:39:48.938Z","version":"1.0.0"}
{"assetId":"suggest","error":"Asset not found","level":"error","message":"Asset service: Failed to get asset by ID","service":"asset-service","timestamp":"2025-08-11T13:39:49.426Z","version":"1.0.0"}
{"assetId":"suggest","correlationId":"asset-1754919589420","error":"Asset not found","level":"error","message":"Error fetching asset by ID","service":"asset-service","timestamp":"2025-08-11T13:39:49.427Z","version":"1.0.0"}
{"assetId":"suggest","error":"Asset not found","level":"error","message":"Asset service: Failed to get asset by ID","service":"asset-service","timestamp":"2025-08-11T13:39:54.806Z","version":"1.0.0"}
{"assetId":"suggest","correlationId":"asset-1754919594799","error":"Asset not found","level":"error","message":"Error fetching asset by ID","service":"asset-service","timestamp":"2025-08-11T13:39:54.807Z","version":"1.0.0"}
{"assetId":"suggest","error":"Asset not found","level":"error","message":"Asset service: Failed to get asset by ID","service":"asset-service","timestamp":"2025-08-11T13:39:56.264Z","version":"1.0.0"}
{"assetId":"suggest","correlationId":"asset-1754919596258","error":"Asset not found","level":"error","message":"Error fetching asset by ID","service":"asset-service","timestamp":"2025-08-11T13:39:56.265Z","version":"1.0.0"}
{"assetId":"suggest","error":"Asset not found","level":"error","message":"Asset service: Failed to get asset by ID","service":"asset-service","timestamp":"2025-08-11T13:39:57.841Z","version":"1.0.0"}
{"assetId":"suggest","correlationId":"asset-1754919597835","error":"Asset not found","level":"error","message":"Error fetching asset by ID","service":"asset-service","timestamp":"2025-08-11T13:39:57.841Z","version":"1.0.0"}
{"assetId":"suggest","error":"Asset not found","level":"error","message":"Asset service: Failed to get asset by ID","service":"asset-service","timestamp":"2025-08-11T13:39:59.944Z","version":"1.0.0"}
{"assetId":"suggest","correlationId":"asset-1754919599935","error":"Asset not found","level":"error","message":"Error fetching asset by ID","service":"asset-service","timestamp":"2025-08-11T13:39:59.945Z","version":"1.0.0"}
{"assetId":"validate","error":"Asset not found","level":"error","message":"Asset service: Failed to get asset by ID","service":"asset-service","timestamp":"2025-08-11T13:40:01.751Z","version":"1.0.0"}
{"assetId":"validate","correlationId":"asset-1754919601744","error":"Asset not found","level":"error","message":"Error fetching asset by ID","service":"asset-service","timestamp":"2025-08-11T13:40:01.752Z","version":"1.0.0"}
{"assetId":"suggest","error":"Asset not found","level":"error","message":"Asset service: Failed to get asset by ID","service":"asset-service","timestamp":"2025-08-11T13:40:01.804Z","version":"1.0.0"}
{"assetId":"suggest","correlationId":"asset-1754919601800","error":"Asset not found","level":"error","message":"Error fetching asset by ID","service":"asset-service","timestamp":"2025-08-11T13:40:01.805Z","version":"1.0.0"}
{"assetId":"suggest","error":"Asset not found","level":"error","message":"Asset service: Failed to get asset by ID","service":"asset-service","timestamp":"2025-08-11T13:40:08.130Z","version":"1.0.0"}
{"assetId":"suggest","correlationId":"asset-1754919608123","error":"Asset not found","level":"error","message":"Error fetching asset by ID","service":"asset-service","timestamp":"2025-08-11T13:40:08.130Z","version":"1.0.0"}
{"assetId":"suggest","error":"Asset not found","level":"error","message":"Asset service: Failed to get asset by ID","service":"asset-service","timestamp":"2025-08-11T13:40:09.038Z","version":"1.0.0"}
{"assetId":"suggest","correlationId":"asset-1754919609032","error":"Asset not found","level":"error","message":"Error fetching asset by ID","service":"asset-service","timestamp":"2025-08-11T13:40:09.038Z","version":"1.0.0"}
{"assetId":"suggest","error":"Asset not found","level":"error","message":"Asset service: Failed to get asset by ID","service":"asset-service","timestamp":"2025-08-11T13:40:09.399Z","version":"1.0.0"}
{"assetId":"suggest","correlationId":"asset-1754919609392","error":"Asset not found","level":"error","message":"Error fetching asset by ID","service":"asset-service","timestamp":"2025-08-11T13:40:09.399Z","version":"1.0.0"}
{"assetId":"validate","error":"Asset not found","level":"error","message":"Asset service: Failed to get asset by ID","service":"asset-service","timestamp":"2025-08-11T13:40:10.248Z","version":"1.0.0"}
{"assetId":"validate","correlationId":"asset-1754919610244","error":"Asset not found","level":"error","message":"Error fetching asset by ID","service":"asset-service","timestamp":"2025-08-11T13:40:10.249Z","version":"1.0.0"}
{"assetId":"suggest","error":"Asset not found","level":"error","message":"Asset service: Failed to get asset by ID","service":"asset-service","timestamp":"2025-08-11T13:40:10.392Z","version":"1.0.0"}
{"assetId":"suggest","correlationId":"asset-1754919610386","error":"Asset not found","level":"error","message":"Error fetching asset by ID","service":"asset-service","timestamp":"2025-08-11T13:40:10.392Z","version":"1.0.0"}
