
> @emaintanance/asset-service@1.0.0 dev
> NODE_ENV=development ts-node src/index.ts

[32minfo[39m: Asset service started successfully {"environment":"development","port":3003,"service":"asset-service","timestamp":"2025-08-11T13:45:56.338Z","version":"1.0.0"}
2025-08-11 21:45:56 [asset-service] [32minfo[39m: Asset service started successfully {
  "version": "1.0.0",
  "port": 3003,
  "environment": "development"
}
[32minfo[39m: Incoming request {"correlationId":"asset-1754919962176","ip":"::1","method":"GET","path":"/health","query":{},"service":"asset-service","timestamp":"2025-08-11T13:46:02.176Z","userAgent":"curl/8.7.1","version":"1.0.0"}
2025-08-11 21:46:02 [asset-service] [32minfo[39m: Incoming request {
  "version": "1.0.0",
  "correlationId": "asset-1754919962176",
  "method": "GET",
  "path": "/health",
  "query": {},
  "userAgent": "curl/8.7.1",
  "ip": "::1"
}
[32minfo[39m: Request completed {"correlationId":"asset-1754919962176","duration":"5ms","method":"GET","path":"/health","service":"asset-service","statusCode":200,"success":true,"timestamp":"2025-08-11T13:46:02.181Z","version":"1.0.0"}
2025-08-11 21:46:02 [asset-service] [32minfo[39m: Request completed {
  "version": "1.0.0",
  "correlationId": "asset-1754919962176",
  "method": "GET",
  "path": "/health",
  "statusCode": 200,
  "duration": "5ms",
  "success": true
}
[32minfo[39m: Incoming request {"correlationId":"asset-1754920138401","ip":"::ffff:192.168.31.82","method":"GET","path":"/assets/validate","query":{"code":"TEST002"},"service":"asset-service","timestamp":"2025-08-11T13:48:58.402Z","userAgent":"Dart/3.8 (dart:io)","version":"1.0.0"}
2025-08-11 21:48:58 [asset-service] [32minfo[39m: Incoming request {
  "version": "1.0.0",
  "correlationId": "asset-1754920138401",
  "method": "GET",
  "path": "/assets/validate",
  "query": {
    "code": "TEST002"
  },
  "userAgent": "Dart/3.8 (dart:io)",
  "ip": "::ffff:192.168.31.82"
}
[32minfo[39m: Request completed {"correlationId":"asset-1754920138401","duration":"50ms","method":"GET","path":"/assets/validate","service":"asset-service","statusCode":200,"success":true,"timestamp":"2025-08-11T13:48:58.451Z","version":"1.0.0"}
2025-08-11 21:48:58 [asset-service] [32minfo[39m: Request completed {
  "version": "1.0.0",
  "correlationId": "asset-1754920138401",
  "method": "GET",
  "path": "/assets/validate",
  "statusCode": 200,
  "duration": "50ms",
  "success": true
}
[32minfo[39m: Incoming request {"correlationId":"asset-1754920138479","ip":"::ffff:192.168.31.82","method":"GET","path":"/assets/suggest","query":{"input":"TEST002","limit":"10"},"service":"asset-service","timestamp":"2025-08-11T13:48:58.479Z","userAgent":"Dart/3.8 (dart:io)","version":"1.0.0"}
2025-08-11 21:48:58 [asset-service] [32minfo[39m: Incoming request {
  "version": "1.0.0",
  "correlationId": "asset-1754920138479",
  "method": "GET",
  "path": "/assets/suggest",
  "query": {
    "input": "TEST002",
    "limit": "10"
  },
  "userAgent": "Dart/3.8 (dart:io)",
  "ip": "::ffff:192.168.31.82"
}
[32minfo[39m: Request completed {"correlationId":"asset-1754920138479","duration":"5ms","method":"GET","path":"/assets/suggest","service":"asset-service","statusCode":200,"success":true,"timestamp":"2025-08-11T13:48:58.484Z","version":"1.0.0"}
2025-08-11 21:48:58 [asset-service] [32minfo[39m: Request completed {
  "version": "1.0.0",
  "correlationId": "asset-1754920138479",
  "method": "GET",
  "path": "/assets/suggest",
  "statusCode": 200,
  "duration": "5ms",
  "success": true
}
[32minfo[39m: Incoming request {"correlationId":"asset-1754920397324","ip":"::ffff:192.168.31.82","method":"GET","path":"/assets/suggest","query":{"input":"E","limit":"10"},"service":"asset-service","timestamp":"2025-08-11T13:53:17.324Z","userAgent":"Dart/3.8 (dart:io)","version":"1.0.0"}
2025-08-11 21:53:17 [asset-service] [32minfo[39m: Incoming request {
  "version": "1.0.0",
  "correlationId": "asset-1754920397324",
  "method": "GET",
  "path": "/assets/suggest",
  "query": {
    "input": "E",
    "limit": "10"
  },
  "userAgent": "Dart/3.8 (dart:io)",
  "ip": "::ffff:192.168.31.82"
}
[32minfo[39m: Request completed {"correlationId":"asset-1754920397324","duration":"6ms","method":"GET","path":"/assets/suggest","service":"asset-service","statusCode":200,"success":true,"timestamp":"2025-08-11T13:53:17.330Z","version":"1.0.0"}
2025-08-11 21:53:17 [asset-service] [32minfo[39m: Request completed {
  "version": "1.0.0",
  "correlationId": "asset-1754920397324",
  "method": "GET",
  "path": "/assets/suggest",
  "statusCode": 200,
  "duration": "6ms",
  "success": true
}
[32minfo[39m: Incoming request {"correlationId":"asset-1754920399369","ip":"::ffff:192.168.31.82","method":"GET","path":"/assets/suggest","query":{"input":"Eq","limit":"10"},"service":"asset-service","timestamp":"2025-08-11T13:53:19.369Z","userAgent":"Dart/3.8 (dart:io)","version":"1.0.0"}
2025-08-11 21:53:19 [asset-service] [32minfo[39m: Incoming request {
  "version": "1.0.0",
  "correlationId": "asset-1754920399369",
  "method": "GET",
  "path": "/assets/suggest",
  "query": {
    "input": "Eq",
    "limit": "10"
  },
  "userAgent": "Dart/3.8 (dart:io)",
  "ip": "::ffff:192.168.31.82"
}
[32minfo[39m: Request completed {"correlationId":"asset-1754920399369","duration":"7ms","method":"GET","path":"/assets/suggest","service":"asset-service","statusCode":200,"success":true,"timestamp":"2025-08-11T13:53:19.376Z","version":"1.0.0"}
2025-08-11 21:53:19 [asset-service] [32minfo[39m: Request completed {
  "version": "1.0.0",
  "correlationId": "asset-1754920399369",
  "method": "GET",
  "path": "/assets/suggest",
  "statusCode": 200,
  "duration": "7ms",
  "success": true
}
[32minfo[39m: Incoming request {"correlationId":"asset-1754920908041","ip":"::ffff:192.168.31.82","method":"GET","path":"/assets/suggest","query":{"input":"t","limit":"10"},"service":"asset-service","timestamp":"2025-08-11T14:01:48.041Z","userAgent":"Dart/3.8 (dart:io)","version":"1.0.0"}
2025-08-11 22:01:48 [asset-service] [32minfo[39m: Incoming request {
  "version": "1.0.0",
  "correlationId": "asset-1754920908041",
  "method": "GET",
  "path": "/assets/suggest",
  "query": {
    "input": "t",
    "limit": "10"
  },
  "userAgent": "Dart/3.8 (dart:io)",
  "ip": "::ffff:192.168.31.82"
}
[32minfo[39m: Request completed {"correlationId":"asset-1754920908041","duration":"46ms","method":"GET","path":"/assets/suggest","service":"asset-service","statusCode":200,"success":true,"timestamp":"2025-08-11T14:01:48.087Z","version":"1.0.0"}
2025-08-11 22:01:48 [asset-service] [32minfo[39m: Request completed {
  "version": "1.0.0",
  "correlationId": "asset-1754920908041",
  "method": "GET",
  "path": "/assets/suggest",
  "statusCode": 200,
  "duration": "46ms",
  "success": true
}
[32minfo[39m: Incoming request {"correlationId":"asset-1754920908266","ip":"::ffff:192.168.31.82","method":"GET","path":"/assets/suggest","query":{"input":"te","limit":"10"},"service":"asset-service","timestamp":"2025-08-11T14:01:48.266Z","userAgent":"Dart/3.8 (dart:io)","version":"1.0.0"}
2025-08-11 22:01:48 [asset-service] [32minfo[39m: Incoming request {
  "version": "1.0.0",
  "correlationId": "asset-1754920908266",
  "method": "GET",
  "path": "/assets/suggest",
  "query": {
    "input": "te",
    "limit": "10"
  },
  "userAgent": "Dart/3.8 (dart:io)",
  "ip": "::ffff:192.168.31.82"
}
[32minfo[39m: Request completed {"correlationId":"asset-1754920908266","duration":"6ms","method":"GET","path":"/assets/suggest","service":"asset-service","statusCode":200,"success":true,"timestamp":"2025-08-11T14:01:48.272Z","version":"1.0.0"}
2025-08-11 22:01:48 [asset-service] [32minfo[39m: Request completed {
  "version": "1.0.0",
  "correlationId": "asset-1754920908266",
  "method": "GET",
  "path": "/assets/suggest",
  "statusCode": 200,
  "duration": "6ms",
  "success": true
}
